ℹ️ - 27-06-2023 14:12:24 - info - Un utilisateur est sur le point de s'inscrire sur le site
❌ - 27-06-2023 14:12:24 - error - Les mots de passe ne correspondent pas
ℹ️ - 27-06-2023 14:12:55 - info - Un utilisateur est sur le point de s'inscrire sur le site
✅ - 27-06-2023 14:12:55 - success - Un utilisateur vient de s'inscrire sur le site
ℹ️ - 28-06-2023 14:49:40 - info - Un utilisateur est sur le point de s'inscrire sur le site
❌ - 28-06-2023 14:49:40 - error - Les mots de passe ne correspondent pas
ℹ️ - 28-06-2023 14:50:20 - info - Un utilisateur est sur le point de s'inscrire sur le site
✅ - 28-06-2023 14:50:21 - success - Un utilisateur vient de s'inscrire sur le site
ℹ️ - 29-06-2023 07:35:15 - info - Un utilisateur est sur le point de s'inscrire sur le site
ℹ️ - 29-06-2023 07:35:45 - info - Un utilisateur est sur le point de s'inscrire sur le site
✅ - 29-06-2023 07:35:46 - success - Un utilisateur vient de s'inscrire sur le site
ℹ️ - 29-06-2023 08:12:08 - info - Un utilisateur est sur le point de s'inscrire sur le site
❌ - 29-06-2023 08:12:08 - error - Un utilisateur avec cette adresse mail existe déjà
ℹ️ - 29-06-2023 08:13:20 - info - Un utilisateur est sur le point de s'inscrire sur le site
ℹ️ - 29-06-2023 08:17:03 - info - Un utilisateur est sur le point de s'inscrire sur le site
❌ - 29-06-2023 08:17:03 - error - Un utilisateur avec cette adresse email existe déjà
ℹ️ - 29-06-2023 08:18:12 - info - Un utilisateur est sur le point de s'inscrire sur le site
❌ - 29-06-2023 08:18:12 - error - Un utilisateur avec cette adresse email existe déjà
ℹ️ - 29-06-2023 08:18:52 - info - Un utilisateur est sur le point de s'inscrire sur le site
❌ - 29-06-2023 08:18:52 - error - Un utilisateur avec cette adresse email existe déjà
ℹ️ - 29-06-2023 08:19:30 - info - Un utilisateur est sur le point de s'inscrire sur le site
❌ - 29-06-2023 08:19:30 - error - Un utilisateur avec cette adresse email existe déjà
ℹ️ - 29-06-2023 08:22:42 - info - Un utilisateur est sur le point de s'inscrire sur le site
❌ - 29-06-2023 08:22:42 - error - Un utilisateur avec cette adresse email existe déjà
ℹ️ - 29-06-2023 08:23:53 - info - Un utilisateur est sur le point de s'inscrire sur le site
❌ - 29-06-2023 08:23:53 - error - Un utilisateur avec cette adresse email existe déjà
ℹ️ - 29-06-2023 08:24:48 - info - Un utilisateur est sur le point de s'inscrire sur le site
❌ - 29-06-2023 08:24:48 - error - Un utilisateur avec cette adresse email existe déjà
ℹ️ - 29-06-2023 08:33:15 - info - Un utilisateur est sur le point de s'inscrire sur le site
❌ - 29-06-2023 08:33:15 - error - Un utilisateur avec cette adresse email existe déjà
ℹ️ - 29-06-2023 08:34:07 - info - Un utilisateur est sur le point de s'inscrire sur le site
❌ - 29-06-2023 08:34:07 - error - Les mots de passe ne correspondent pas
